<?xml version="1.0" encoding="UTF-8"?>
<!-- Generated by org.testng.reporters.JUnitXMLReporter -->
<testsuite ignored="0" hostname="KP" failures="2" tests="3" name="AddEmployeeTest" time="10.756" errors="0" timestamp="2024-02-01T18:41:07 AEDT">
  <testcase classname="com.lambdatest.tests.TestScenario1" name="validateCheckBoxSelection" time="2.565">
    <failure type="java.lang.NullPointerException" message="Cannot invoke &amp;quot;org.testng.asserts.SoftAssert.assertTrue(boolean, String)&amp;quot; because &amp;quot;this.softAssert&amp;quot; is null">
      <![CDATA[java.lang.NullPointerException: Cannot invoke "org.testng.asserts.SoftAssert.assertTrue(boolean, String)" because "this.softAssert" is null
at com.lambdatest.tests.TestScenario1.validateCheckBoxSelection(TestScenario1.java:73)
at java.base/java.util.ArrayList.forEach(ArrayList.java:1511)
... Removed 27 stack frames]]>
    </failure>
  </testcase> <!-- validateCheckBoxSelection -->
  <testcase classname="com.lambdatest.tests.TestScenario1" name="validateJavaScriptAlertBox" time="0.388"/>
  <testcase classname="com.lambdatest.tests.TestScenario1" name="validateTitleOfHomePage" time="0.053">
    <failure type="java.lang.AssertionError" message="The following asserts failed:
	Expected Title is different from Actual title 
Expected is: LambdaTestActual is:Selenium Grid Online | Run Selenium Test On Cloud expected [LambdaTest] but found [Selenium Grid Online | Run Selenium Test On Cloud]">
      <![CDATA[java.lang.AssertionError: The following asserts failed:
Expected Title is different from Actual title 
Expected is: LambdaTestActual is:Selenium Grid Online | Run Selenium Test On Cloud expected [LambdaTest] but found [Selenium Grid Online | Run Selenium Test On Cloud]
at com.lambdatest.tests.TestScenario1.validateTitleOfHomePage(TestScenario1.java:59)
at java.base/java.util.ArrayList.forEach(ArrayList.java:1511)
... Removed 29 stack frames]]>
    </failure>
  </testcase> <!-- validateTitleOfHomePage -->
</testsuite> <!-- AddEmployeeTest -->
