<?xml version="1.0" encoding="UTF-8"?>
<!-- Generated by org.testng.reporters.JUnitXMLReporter -->
<testsuite ignored="0" hostname="KP" failures="0" tests="3" name="Internet Explorer Test on Windows 10" time="0.021" errors="0" timestamp="2024-02-01T22:56:44 AEDT">
  <testcase classname="com.lambdatest.tests.TestScenario" name="validateCheckBoxSelection" time="0.0">
    <skipped/>
  </testcase> <!-- validateCheckBoxSelection -->
  <testcase classname="com.lambdatest.tests.TestScenario" name="validateJavaScriptAlertBox" time="0.0">
    <skipped/>
  </testcase> <!-- validateJavaScriptAlertBox -->
  <testcase classname="com.lambdatest.tests.TestScenario" name="validateTitleOfHomePage" time="0.0">
    <skipped/>
  </testcase> <!-- validateTitleOfHomePage -->
</testsuite> <!-- Internet Explorer Test on Windows 10 -->
